
/home/runner/work/exp-interval-golden-search-iitb/exp-interval-golden-search-iitb/experiment/simulation/common_libraries/js/ts_components/collapse_step.js
   1:10  warning  'show_step' is defined but never used                 no-unused-vars
   2:5   warning  '$' is not defined                                    no-undef
   3:9   warning  '$' is not defined                                    no-undef
   6:10  warning  'hide_step' is defined but never used                 no-unused-vars
   7:5   warning  '$' is not defined                                    no-undef
   8:9   warning  '$' is not defined                                    no-undef
  11:10  warning  'get_collapse_btn_text' is defined but never used     no-unused-vars
  20:10  warning  'get_collapse_btn_element' is defined but never used  no-unused-vars
  29:10  warning  'hide_all_steps' is defined but never used            no-unused-vars
  31:9   warning  '$' is not defined                                    no-undef

/home/runner/work/exp-interval-golden-search-iitb/exp-interval-golden-search-iitb/experiment/simulation/common_libraries/js/ts_components/matrix.js
   27:26  warning  'MathJax' is not defined                                no-undef
   32:7   warning  'Matrix_Without_String' is defined but never used       no-unused-vars
   52:26  warning  'MathJax' is not defined                                no-undef
   56:10  warning  'get_matrix_html' is defined but never used             no-unused-vars
   87:13  warning  'row_html' is assigned a value but never used           no-unused-vars
   99:10  warning  'get_matrix_html_with_title' is defined but never used  no-unused-vars
  131:13  warning  'row_html' is assigned a value but never used           no-unused-vars
  143:10  warning  'convert_2d_to_1d_vector' is defined but never used     no-unused-vars
  156:10  warning  'convert_1d_to_2d_matrix' is defined but never used     no-unused-vars

/home/runner/work/exp-interval-golden-search-iitb/exp-interval-golden-search-iitb/experiment/simulation/common_libraries/js/ts_components/matrix_2d.js
    2:10  warning  'toLatexBMatrix' is defined but never used              no-unused-vars
   29:10  warning  'toLatexDeterminant' is defined but never used          no-unused-vars
   61:10  warning  'renderMatrixInputs' is defined but never used          no-unused-vars
  111:10  warning  'readMatrix2D' is defined but never used                no-unused-vars
  130:10  warning  'verifyMatrix2D' is defined but never used              no-unused-vars
  141:18  warning  'verify_values' is not defined                          no-undef
  148:10  warning  'transposeMatrix' is defined but never used             no-unused-vars
  165:10  warning  'multiplyMatrices' is defined but never used            no-unused-vars
  200:10  warning  'inverseMatrix' is defined but never used               no-unused-vars
  255:10  warning  'determinant' is defined but never used                 no-unused-vars
  305:10  warning  'convertMatrixInputsToSpans' is defined but never used  no-unused-vars

/home/runner/work/exp-interval-golden-search-iitb/exp-interval-golden-search-iitb/experiment/simulation/common_libraries/js/ts_components/pannel.js
  8:7  warning  'Pannel' is defined but never used  no-unused-vars

/home/runner/work/exp-interval-golden-search-iitb/exp-interval-golden-search-iitb/experiment/simulation/common_libraries/js/ts_components/questions.js
   6:17  warning  'op1' is assigned a value but never used      no-unused-vars
   7:17  warning  'op2' is assigned a value but never used      no-unused-vars
   8:17  warning  'op3' is assigned a value but never used      no-unused-vars
   9:17  warning  'op4' is assigned a value but never used      no-unused-vars
  94:7   warning  'Question_Options' is defined but never used  no-unused-vars

/home/runner/work/exp-interval-golden-search-iitb/exp-interval-golden-search-iitb/experiment/simulation/common_libraries/js/ts_components/tables.js
   19:22  warning  'verify_values' is not defined                                     no-undef
  137:22  warning  'verify_values' is not defined                                     no-undef
  260:7   warning  'Verify_Rows_Cols_6_decimal_places' is defined but never used      no-unused-vars
  311:22  warning  'verify_values' is not defined                                     no-undef
  416:7   warning  'Verify_Rows_Cols_Custom_Fixed_Update1' is defined but never used  no-unused-vars
  468:7   warning  'Show_Table_Custom_Fixed' is defined but never used                no-unused-vars
  506:7   warning  'Verify_Rows_Cols_Strings' is defined but never used               no-unused-vars
  527:22  warning  'verify_values' is not defined                                     no-undef
  663:7   warning  'Display_Table' is defined but never used                          no-unused-vars

/home/runner/work/exp-interval-golden-search-iitb/exp-interval-golden-search-iitb/experiment/simulation/common_libraries/js/ts_math_library/general_math_functions.js
    1:10  warning  'verify_values' is defined but never used                   no-unused-vars
   17:10  warning  'random1' is defined but never used                         no-unused-vars
   21:10  warning  'std_deviation' is defined but never used                   no-unused-vars
   26:10  warning  'gauss' is defined but never used                           no-unused-vars
   56:10  warning  'hide_panel' is defined but never used                      no-unused-vars
   63:10  warning  'inverse_matrix' is defined but never used                  no-unused-vars
   96:10  warning  'matrix_multiplication' is defined but never used           no-unused-vars
  113:10  warning  'transpose_matrix' is defined but never used                no-unused-vars
  123:10  warning  'matrix_multiplication_8decimal' is defined but never used  no-unused-vars
  140:10  warning  'adjoint_2x2_matrix' is defined but never used              no-unused-vars
  145:10  warning  'find_deteminant' is defined but never used                 no-unused-vars
  174:10  warning  'get_Submatrix' is defined but never used                   no-unused-vars

/home/runner/work/exp-interval-golden-search-iitb/exp-interval-golden-search-iitb/experiment/simulation/common_libraries/js/ts_math_library/regression.js
   1:10  warning  'regression_linear' is defined but never used            no-unused-vars
  18:10  warning  'regression_linear_1variable' is defined but never used  no-unused-vars
  27:10  warning  'regression_linear_2variable' is defined but never used  no-unused-vars
  52:11  warning  'gauss' is not defined                                   no-undef

/home/runner/work/exp-interval-golden-search-iitb/exp-interval-golden-search-iitb/experiment/simulation/common_libraries/math.ob.js
  1:745  warning  'b' is already defined  no-redeclare

/home/runner/work/exp-interval-golden-search-iitb/exp-interval-golden-search-iitb/experiment/simulation/js/activity1.js
    3:5   warning  'a' is not defined                              no-undef
    3:9   warning  'random1' is not defined                        no-undef
    4:5   warning  'b' is not defined                              no-undef
    4:9   warning  'random1' is not defined                        no-undef
   22:9   warning  'MathJax' is not defined                        no-undef
   26:10  warning  'start_act1' is defined but never used          no-unused-vars
   27:24  warning  'a' is not defined                              no-undef
   27:27  warning  'b' is not defined                              no-undef
   30:25  warning  'data' is not defined                           no-undef
   35:20  warning  'get_collapse_btn_text' is not defined          no-undef
   41:60  warning  'a' is not defined                              no-undef
   41:68  warning  'b' is not defined                              no-undef
   44:28  warning  Unnecessary escape character: \ϕ                no-useless-escape
   46:34  warning  'data' is not defined                           no-undef
   46:60  warning  'data' is not defined                           no-undef
   54:21  warning  Unnecessary escape character: \ϕ                no-useless-escape
   67:5   warning  'hide_all_steps' is not defined                 no-undef
   70:9   warning  'MathJax' is not defined                        no-undef
   72:22  warning  'show_step' is not defined                      no-undef
   74:10  warning  'verify_itr1_d' is defined but never used       no-unused-vars
   78:17  warning  'data' is not defined                           no-undef
   79:10  warning  'verify_values' is not defined                  no-undef
   79:54  warning  'data' is not defined                           no-undef
   86:15  warning  Unnecessary escape character: \ϕ                no-useless-escape
   86:38  warning  'data' is not defined                           no-undef
  111:9   warning  'MathJax' is not defined                        no-undef
  114:10  warning  'verify_itr1_x' is defined but never used       no-unused-vars
  119:17  warning  'data' is not defined                           no-undef
  119:29  warning  'data' is not defined                           no-undef
  120:10  warning  'verify_values' is not defined                  no-undef
  120:55  warning  'data' is not defined                           no-undef
  124:10  warning  'verify_values' is not defined                  no-undef
  124:55  warning  'data' is not defined                           no-undef
  131:32  warning  'data' is not defined                           no-undef
  134:32  warning  'data' is not defined                           no-undef
  159:9   warning  'MathJax' is not defined                        no-undef
  162:10  warning  'verify_itr1_fx' is defined but never used      no-unused-vars
  167:17  warning  'data' is not defined                           no-undef
  167:29  warning  'data' is not defined                           no-undef
  168:10  warning  'verify_values' is not defined                  no-undef
  168:56  warning  'data' is not defined                           no-undef
  172:10  warning  'verify_values' is not defined                  no-undef
  172:56  warning  'data' is not defined                           no-undef
  179:25  warning  'data' is not defined                           no-undef
  182:25  warning  'data' is not defined                           no-undef
  186:33  warning  'data' is not defined                           no-undef
  186:59  warning  'data' is not defined                           no-undef
  194:9   warning  'MathJax' is not defined                        no-undef
  197:10  warning  'load_iteration2' is defined but never used     no-unused-vars
  206:21  warning  Unnecessary escape character: \ϕ                no-useless-escape
  217:9   warning  'MathJax' is not defined                        no-undef
  220:10  warning  'verify_itr2_d' is defined but never used       no-unused-vars
  224:17  warning  'data' is not defined                           no-undef
  225:10  warning  'verify_values' is not defined                  no-undef
  225:54  warning  'data' is not defined                           no-undef
  232:15  warning  Unnecessary escape character: \ϕ                no-useless-escape
  232:38  warning  'data' is not defined                           no-undef
  257:9   warning  'MathJax' is not defined                        no-undef
  260:10  warning  'verify_itr2_x' is defined but never used       no-unused-vars
  265:17  warning  'data' is not defined                           no-undef
  265:29  warning  'data' is not defined                           no-undef
  266:10  warning  'verify_values' is not defined                  no-undef
  266:55  warning  'data' is not defined                           no-undef
  270:10  warning  'verify_values' is not defined                  no-undef
  270:55  warning  'data' is not defined                           no-undef
  277:32  warning  'data' is not defined                           no-undef
  280:32  warning  'data' is not defined                           no-undef
  305:9   warning  'MathJax' is not defined                        no-undef
  308:10  warning  'verify_itr2_fx' is defined but never used      no-unused-vars
  313:17  warning  'data' is not defined                           no-undef
  313:29  warning  'data' is not defined                           no-undef
  314:10  warning  'verify_values' is not defined                  no-undef
  314:56  warning  'data' is not defined                           no-undef
  318:10  warning  'verify_values' is not defined                  no-undef
  318:56  warning  'data' is not defined                           no-undef
  325:25  warning  'data' is not defined                           no-undef
  328:25  warning  'data' is not defined                           no-undef
  332:33  warning  'data' is not defined                           no-undef
  332:59  warning  'data' is not defined                           no-undef
  340:9   warning  'MathJax' is not defined                        no-undef
  343:10  warning  'load_table' is defined but never used          no-unused-vars
  347:25  warning  'data' is not defined                           no-undef
  348:9   warning  'data' is not defined                           no-undef
  360:19  warning  'Show_Table' is not defined                     no-undef
  360:40  warning  'data' is not defined                           no-undef
  379:15  warning  'data' is not defined                           no-undef
  380:15  warning  'data' is not defined                           no-undef
  382:22  warning  'golden_ratio' is not defined                   no-undef
  385:42  warning  'a' is not defined                              no-undef
  385:46  warning  'b' is not defined                              no-undef
  386:42  warning  'a' is not defined                              no-undef
  386:46  warning  'b' is not defined                              no-undef
  394:9   warning  'data' is not defined                           no-undef
  397:13  warning  'data' is not defined                           no-undef
  403:9   warning  'chart_x_data' is not defined                   no-undef
  404:43  warning  'a' is not defined                              no-undef
  404:47  warning  'b' is not defined                              no-undef
  405:9   warning  'smallest_fx' is not defined                    no-undef
  405:32  warning  'smallest_fx' is not defined                    no-undef
  406:9   warning  'chart_y_data' is not defined                   no-undef
  408:32  warning  'smallest_fx' is not defined                    no-undef
  410:10  warning  'plot_graph' is defined but never used          no-unused-vars
  411:17  warning  'chart_x_data' is not defined                   no-undef
  412:17  warning  'chart_y_data' is not defined                   no-undef
  427:9   warning  'x_data' is defined but never used              no-unused-vars
  431:21  warning  'Chart' is not defined                          no-undef
  434:21  warning  'chart_x_data' is not defined                   no-undef
  438:27  warning  'chart_y_data' is not defined                   no-undef
  490:10  warning  'verify_smallest_fx' is defined but never used  no-unused-vars
  493:29  warning  'smallest_fx' is not defined                    no-undef
  494:47  warning  'smallest_fx' is not defined                    no-undef
  501:44  warning  'smallest_fx' is not defined                    no-undef
  506:10  warning  'exp_end' is defined but never used             no-unused-vars

/home/runner/work/exp-interval-golden-search-iitb/exp-interval-golden-search-iitb/experiment/simulation/js/activity1_p2.js
    1:5   warning  'temp' is assigned a value but never used             no-unused-vars
    2:10  warning  'activity1_p2' is defined but never used              no-unused-vars
    3:19  warning  'get_collapse_btn_text' is not defined                no-undef
    4:5   warning  'maindiv' is not defined                              no-undef
   12:67  warning  'k1' is not defined                                   no-undef
   12:76  warning  'k2' is not defined                                   no-undef
   39:9   warning  'act1_table_data' is assigned a value but never used  no-unused-vars
   55:17  warning  'table_data' is not defined                           no-undef
   59:25  warning  'Verify_Rows_Cols_6_decimal_places' is not defined    no-undef
   59:67  warning  'table_data' is not defined                           no-undef
   63:5   warning  'hide_all_steps' is not defined                       no-undef
   64:5   warning  'show_step' is not defined                            no-undef
   65:24  warning  'MathJax' is not defined                              no-undef
   74:5   warning  'table_data' is not defined                           no-undef
   75:5   warning  'x_iter_values' is not defined                        no-undef
   76:13  warning  'R' is not defined                                    no-undef
   80:18  warning  'xl' is not defined                                   no-undef
   94:36  warning  'k1' is not defined                                   no-undef
   94:41  warning  'k2' is not defined                                   no-undef
   95:36  warning  'k1' is not defined                                   no-undef
   95:41  warning  'k2' is not defined                                   no-undef
  108:28  warning  'R' is not defined                                    no-undef
  112:9   warning  'x_iter_values' is not defined                        no-undef
  119:27  warning  'R' is not defined                                    no-undef
  121:9   warning  'x_iter_values' is not defined                        no-undef
  126:5   warning  'table_data' is not defined                           no-undef
  138:36  warning  'k1' is not defined                                   no-undef
  138:41  warning  'k2' is not defined                                   no-undef
  139:36  warning  'k1' is not defined                                   no-undef
  139:41  warning  'k2' is not defined                                   no-undef
  144:32  warning  'R' is not defined                                    no-undef
  148:13  warning  'x_iter_values' is not defined                        no-undef
  149:28  warning  'x_iter_values' is not defined                        no-undef
  149:51  warning  'x_iter_values' is not defined                        no-undef
  149:71  warning  'x_iter_values' is not defined                        no-undef
  155:31  warning  'R' is not defined                                    no-undef
  156:13  warning  'x_iter' is assigned a value but never used           no-unused-vars
  157:13  warning  'x_iter_values' is not defined                        no-undef
  158:28  warning  'x_iter_values' is not defined                        no-undef
  158:51  warning  'x_iter_values' is not defined                        no-undef
  158:71  warning  'x_iter_values' is not defined                        no-undef
  163:9   warning  'table_data' is not defined                           no-undef
  165:5   warning  'xi' is not defined                                   no-undef
  165:10  warning  'x_iter_values' is not defined                        no-undef
  171:25  warning  'table_data' is not defined                           no-undef
  172:16  warning  'table_data' is not defined                           no-undef
  182:21  warning  'Chart' is not defined                                no-undef
  189:27  warning  'x_iter_values' is not defined                        no-undef

/home/runner/work/exp-interval-golden-search-iitb/exp-interval-golden-search-iitb/experiment/simulation/js/activity1_p3.js
   1:10  warning  'activity1_p3' is defined but never used  no-unused-vars
   2:20  warning  'get_collapse_btn_text' is not defined    no-undef
   3:5   warning  'maindiv' is not defined                  no-undef
  22:24  warning  'MathJax' is not defined                  no-undef
  24:5   warning  'show_step' is not defined                no-undef
  25:5   warning  'plot_generate_x_iter' is not defined     no-undef
  27:10  warning  'verify_a_b' is defined but never used    no-unused-vars
  33:23  warning  'xi' is not defined                       no-undef
  33:32  warning  'k1' is not defined                       no-undef
  33:37  warning  'k2' is not defined                       no-undef
  33:51  warning  'xi' is not defined                       no-undef
  35:17  warning  'xi' is not defined                       no-undef
  36:10  warning  'verify_values' is not defined            no-undef
  36:48  warning  'xi' is not defined                       no-undef
  40:10  warning  'verify_values' is not defined            no-undef
  45:21  warning  'xi' is not defined                       no-undef
  52:5   warning  'activity1_p4' is not defined             no-undef

/home/runner/work/exp-interval-golden-search-iitb/exp-interval-golden-search-iitb/experiment/simulation/js/activity1_p4.js
   1:10  warning  'activity1_p4' is defined but never used  no-unused-vars
   2:20  warning  'get_collapse_btn_text' is not defined    no-undef
   3:5   warning  'maindiv' is not defined                  no-undef
  16:24  warning  'MathJax' is not defined                  no-undef
  17:5   warning  'hide_all_steps' is not defined           no-undef
  18:5   warning  'show_step' is not defined                no-undef
  19:5   warning  'plot_generate_x_iter' is not defined     no-undef
  21:10  warning  'verify_riter' is defined but never used  no-unused-vars
  25:26  warning  'R' is not defined                        no-undef
  26:10  warning  'verify_values' is not defined            no-undef
  26:57  warning  'R' is not defined                        no-undef
  31:31  warning  'R' is not defined                        no-undef

/home/runner/work/exp-interval-golden-search-iitb/exp-interval-golden-search-iitb/experiment/simulation/js/data.js
   1:7   warning  'u' is assigned a value but never used              no-unused-vars
   1:11  warning  'random1' is not defined                            no-undef
   2:7   warning  'v' is assigned a value but never used              no-unused-vars
   2:11  warning  'random1' is not defined                            no-undef
   3:7   warning  'x' is assigned a value but never used              no-unused-vars
   3:11  warning  'random1' is not defined                            no-undef
   4:7   warning  'y' is assigned a value but never used              no-unused-vars
   4:11  warning  'random1' is not defined                            no-undef
   5:7   warning  'jacobian_vals' is assigned a value but never used  no-unused-vars
   6:7   warning  'hessian_vals' is assigned a value but never used   no-unused-vars
   8:5   warning  'a' is assigned a value but never used              no-unused-vars
   9:5   warning  'b' is assigned a value but never used              no-unused-vars
  10:7   warning  'golden_ratio' is assigned a value but never used   no-unused-vars
  12:7   warning  'data' is assigned a value but never used           no-unused-vars
  13:5   warning  'smallest_fx' is defined but never used             no-unused-vars
  14:7   warning  'chart_x_data' is assigned a value but never used   no-unused-vars
  15:7   warning  'chart_y_data' is assigned a value but never used   no-unused-vars

/home/runner/work/exp-interval-golden-search-iitb/exp-interval-golden-search-iitb/experiment/simulation/js/screen_size.js
  1:10  warning  'set_screen_size' is defined but never used  no-unused-vars

✖ 270 problems (0 errors, 270 warnings)

